2015/10/07 14:56:24 にビルドを開始しました。
     1>ノード 2 上のプロジェクト "E:\H415\git\game\game\game.vcxproj" (Build ターゲット)。
     1>ClCompile:
         C:\Program Files (x86)\Microsoft Visual Studio 12.0\VC\bin\CL.exe /c /ZI /nologo /W3 /WX- /sdl /Od /Oy- /D WIN32 /D _DEBUG /D _WINDOWS /D _MBCS /Gm /EHsc /RTC1 /MTd /GS /fp:precise /Zc:wchar_t /Zc:forScope /Fo"Debug\\" /Fd"Debug\vc120.pdb" /Gd /TP /analyze- /errorReport:prompt source_code\application\application.cpp source_code\application\fps\fps.cpp source_code\application\input\input.cpp source_code\application\input\inputs\keyboard.cpp source_code\application\input\input_factory.cpp source_code\application\object\object.cpp source_code\application\object\objects\sprite\sprite2d.cpp source_code\application\object\object_factory.cpp source_code\application\object\object_manager.cpp source_code\application\render\directx9\directx9.cpp source_code\application\render\directx9\directx9_holder.cpp source_code\application\render\renderer.cpp source_code\application\render\renderer_factory.cpp source_code\application\scene\fade\fade.cpp source_code\application\scene\scene.cpp source_code\application\scene\scenes\game.cpp source_code\application\scene\scenes\loading.cpp source_code\application\scene\scenes\title.cpp source_code\application\scene\scene_factory.cpp source_code\application\scene\scene_manager.cpp source_code\application\thread\thread.cpp source_code\application\window\window.cpp source_code\application\window\window_holder.cpp source_code\main.cpp
         main.cpp
         window_holder.cpp
         window.cpp
         thread.cpp
         scene_manager.cpp
         scene_factory.cpp
         title.cpp
         loading.cpp
         game.cpp
         scene.cpp
         fade.cpp
         renderer_factory.cpp
         renderer.cpp
         directx9_holder.cpp
         directx9.cpp
         object_manager.cpp
         object_factory.cpp
         sprite2d.cpp
     1>e:\h415\git\game\game\source_code\application\object\object.h(31): error C2146: 構文エラー : ';' が、識別子 'position_' の前に必要です。
     1>e:\h415\git\game\game\source_code\application\object\object.h(31): error C4430: 型指定子がありません - int と仮定しました。メモ: C++ は int を既定値としてサポートしていません
     1>e:\h415\git\game\game\source_code\application\object\object.h(32): error C2146: 構文エラー : ';' が、識別子 'rotation_' の前に必要です。
     1>e:\h415\git\game\game\source_code\application\object\object.h(32): error C4430: 型指定子がありません - int と仮定しました。メモ: C++ は int を既定値としてサポートしていません
     1>e:\h415\git\game\game\source_code\application\object\object.h(33): error C2146: 構文エラー : ';' が、識別子 'scaling_' の前に必要です。
     1>e:\h415\git\game\game\source_code\application\object\object.h(33): error C4430: 型指定子がありません - int と仮定しました。メモ: C++ は int を既定値としてサポートしていません
     1>e:\h415\git\game\game\source_code\application\object\object.h(59): error C4430: 型指定子がありません - int と仮定しました。メモ: C++ は int を既定値としてサポートしていません
     1>e:\h415\git\game\game\source_code\application\object\object.h(59): error C2143: 構文エラー : ',' が '&' の前にありません。
     1>e:\h415\git\game\game\source_code\application\object\object.h(63): error C4430: 型指定子がありません - int と仮定しました。メモ: C++ は int を既定値としてサポートしていません
     1>e:\h415\git\game\game\source_code\application\object\object.h(63): error C2143: 構文エラー : ',' が '&' の前にありません。
     1>e:\h415\git\game\game\source_code\application\object\object.h(67): error C4430: 型指定子がありません - int と仮定しました。メモ: C++ は int を既定値としてサポートしていません
     1>e:\h415\git\game\game\source_code\application\object\object.h(67): error C2143: 構文エラー : ',' が '&' の前にありません。
     1>e:\h415\git\game\game\source_code\application\object\object.h(60): error C2039: 'position_' : 'OBJECT_PARAMETER_DESC' のメンバーではありません。
                 e:\h415\git\game\game\source_code\application\object\object.h(30) : 'OBJECT_PARAMETER_DESC' の宣言を確認してください。
     1>e:\h415\git\game\game\source_code\application\object\object.h(60): error C2065: 'position' : 定義されていない識別子です。
     1>e:\h415\git\game\game\source_code\application\object\object.h(64): error C2039: 'rotation_' : 'OBJECT_PARAMETER_DESC' のメンバーではありません。
                 e:\h415\git\game\game\source_code\application\object\object.h(30) : 'OBJECT_PARAMETER_DESC' の宣言を確認してください。
     1>e:\h415\git\game\game\source_code\application\object\object.h(64): error C2065: 'rotation' : 定義されていない識別子です。
     1>e:\h415\git\game\game\source_code\application\object\object.h(68): error C2039: 'scaling_' : 'OBJECT_PARAMETER_DESC' のメンバーではありません。
                 e:\h415\git\game\game\source_code\application\object\object.h(30) : 'OBJECT_PARAMETER_DESC' の宣言を確認してください。
     1>e:\h415\git\game\game\source_code\application\object\object.h(68): error C2065: 'scaling' : 定義されていない識別子です。
         object.cpp
         input_factory.cpp
         コードを生成中...
         コンパイル中...
         keyboard.cpp
         input.cpp
         fps.cpp
         application.cpp
         コードを生成中...
     1>プロジェクト "E:\H415\git\game\game\game.vcxproj" (Build ターゲット) のビルドが終了しました -- 失敗。

ビルドに失敗しました。

経過時間 00:00:13.91
